2021-01-01T18:35:27+00:00 CRITICAL Uncaught Error: Call to undefined function incluude_once() in /Users/erikpoehler/Sites/my-project/wordpress/wp-content/themes/storefront-child/functions.php:3
Stack trace:
#0 /Users/erikpoehler/Sites/my-project/wordpress/wp-settings.php(525): include()
#1 /Users/erikpoehler/Sites/my-project/wordpress/wp-config.php(117): require_once('/Users/erikpoeh...')
#2 /Users/erikpoehler/Sites/my-project/wordpress/wp-load.php(37): require_once('/Users/erikpoeh...')
#3 /Users/erikpoehler/Sites/my-project/wordpress/wp-blog-header.php(13): require_once('/Users/erikpoeh...')
#4 /Users/erikpoehler/Sites/my-project/wordpress/index.php(17): require('/Users/erikpoeh...')
#5 {main}
  thrown in /Users/erikpoehler/Sites/my-project/wordpress/wp-content/themes/storefront-child/functions.php on line 3

2021-01-01T18:40:01+00:00 CRITICAL Uncaught Error: Call to undefined function incluude_once() in /Users/erikpoehler/Sites/my-project/wordpress/wp-content/themes/storefront-child/functions.php:3
Stack trace:
#0 /Users/erikpoehler/Sites/my-project/wordpress/wp-settings.php(525): include()
#1 /Users/erikpoehler/Sites/my-project/wordpress/wp-config.php(137): require_once('/Users/erikpoeh...')
#2 /Users/erikpoehler/Sites/my-project/wordpress/wp-load.php(37): require_once('/Users/erikpoeh...')
#3 /Users/erikpoehler/Sites/my-project/wordpress/wp-blog-header.php(13): require_once('/Users/erikpoeh...')
#4 /Users/erikpoehler/Sites/my-project/wordpress/index.php(17): require('/Users/erikpoeh...')
#5 {main}
  thrown in /Users/erikpoehler/Sites/my-project/wordpress/wp-content/themes/storefront-child/functions.php on line 3

2021-01-01T18:41:02+00:00 CRITICAL Uncaught Error: Call to undefined function incluude_once() in /Users/erikpoehler/Sites/my-project/wordpress/wp-content/themes/storefront-child/functions.php:3
Stack trace:
#0 /Users/erikpoehler/Sites/my-project/wordpress/wp-settings.php(525): include()
#1 /Users/erikpoehler/Sites/my-project/wordpress/wp-config.php(128): require_once('/Users/erikpoeh...')
#2 /Users/erikpoehler/Sites/my-project/wordpress/wp-load.php(37): require_once('/Users/erikpoeh...')
#3 /Users/erikpoehler/Sites/my-project/wordpress/wp-blog-header.php(13): require_once('/Users/erikpoeh...')
#4 /Users/erikpoehler/Sites/my-project/wordpress/index.php(17): require('/Users/erikpoeh...')
#5 {main}
  thrown in /Users/erikpoehler/Sites/my-project/wordpress/wp-content/themes/storefront-child/functions.php on line 3

